# JRE version: OpenJDK Runtime Environment (11.0.12+7) (build 11.0.12+7-b1504.28-7817840)
# Java VM: OpenJDK 64-Bit Server VM (11.0.12+7-b1504.28-7817840, mixed mode, tiered, compressed oops, g1 gc, windows-amd64)
Heap:
 garbage-first heap   total 155648K, used 43135K [0x0000000080000000, 0x0000000100000000)
  region size 1024K, 25 young (25600K), 9 survivors (9216K)
 Metaspace       used 41772K, capacity 42786K, committed 42960K, reserved 1087488K
  class space    used 5378K, capacity 5754K, committed 5840K, reserved 1048576K
GC Heap History (12 events):
Event: 1.014 GC heap before
{Heap before GC invocations=0 (full 0):
 garbage-first heap   total 129024K, used 29696K [0x0000000080000000, 0x0000000100000000)
  region size 1024K, 24 young (24576K), 0 survivors (0K)
 Metaspace       used 9887K, capacity 10114K, committed 10368K, reserved 1058816K
  class space    used 1028K, capacity 1102K, committed 1152K, reserved 1048576K
}
Event: 1.020 GC heap after
{Heap after GC invocations=1 (full 0):
 garbage-first heap   total 129024K, used 9247K [0x0000000080000000, 0x0000000100000000)
  region size 1024K, 3 young (3072K), 3 survivors (3072K)
 Metaspace       used 9887K, capacity 10114K, committed 10368K, reserved 1058816K
  class space    used 1028K, capacity 1102K, committed 1152K, reserved 1048576K
}
Event: 2.660 GC heap before
{Heap before GC invocations=1 (full 0):
 garbage-first heap   total 129024K, used 83999K [0x0000000080000000, 0x0000000100000000)
  region size 1024K, 75 young (76800K), 3 survivors (3072K)
 Metaspace       used 17445K, capacity 17807K, committed 18176K, reserved 1064960K
  class space    used 2058K, capacity 2177K, committed 2304K, reserved 1048576K
}
Event: 2.665 GC heap after
{Heap after GC invocations=2 (full 0):
 garbage-first heap   total 129024K, used 15926K [0x0000000080000000, 0x0000000100000000)
  region size 1024K, 10 young (10240K), 10 survivors (10240K)
 Metaspace       used 17445K, capacity 17807K, committed 18176K, reserved 1064960K
  class space    used 2058K, capacity 2177K, committed 2304K, reserved 1048576K
}
Event: 3.004 GC heap before
{Heap before GC invocations=2 (full 0):
 garbage-first heap   total 129024K, used 47670K [0x0000000080000000, 0x0000000100000000)
  region size 1024K, 42 young (43008K), 10 survivors (10240K)
 Metaspace       used 20754K, capacity 21149K, committed 21296K, reserved 1069056K
  class space    used 2564K, capacity 2716K, committed 2816K, reserved 1048576K
}
Event: 3.020 GC heap after
{Heap after GC invocations=3 (full 0):
 garbage-first heap   total 129024K, used 17016K [0x0000000080000000, 0x0000000100000000)
  region size 1024K, 2 young (2048K), 2 survivors (2048K)
 Metaspace       used 20754K, capacity 21149K, committed 21296K, reserved 1069056K
  class space    used 2564K, capacity 2716K, committed 2816K, reserved 1048576K
}
Event: 3.713 GC heap before
{Heap before GC invocations=4 (full 0):
 garbage-first heap   total 129024K, used 77432K [0x0000000080000000, 0x0000000100000000)
  region size 1024K, 61 young (62464K), 2 survivors (2048K)
 Metaspace       used 27006K, capacity 27590K, committed 27904K, reserved 1073152K
  class space    used 3540K, capacity 3767K, committed 3840K, reserved 1048576K
}
Event: 3.723 GC heap after
{Heap after GC invocations=5 (full 0):
 garbage-first heap   total 129024K, used 19026K [0x0000000080000000, 0x0000000100000000)
  region size 1024K, 4 young (4096K), 4 survivors (4096K)
 Metaspace       used 27006K, capacity 27590K, committed 27904K, reserved 1073152K
  class space    used 3540K, capacity 3767K, committed 3840K, reserved 1048576K
}
Event: 4.644 GC heap before
{Heap before GC invocations=5 (full 0):
 garbage-first heap   total 129024K, used 70226K [0x0000000080000000, 0x0000000100000000)
  region size 1024K, 55 young (56320K), 4 survivors (4096K)
 Metaspace       used 35048K, capacity 35836K, committed 35920K, reserved 1081344K
  class space    used 4561K, capacity 4879K, committed 4944K, reserved 1048576K
}
Event: 4.657 GC heap after
{Heap after GC invocations=6 (full 0):
 garbage-first heap   total 129024K, used 22196K [0x0000000080000000, 0x0000000100000000)
  region size 1024K, 7 young (7168K), 7 survivors (7168K)
 Metaspace       used 35048K, capacity 35836K, committed 35920K, reserved 1081344K
  class space    used 4561K, capacity 4879K, committed 4944K, reserved 1048576K
}
Event: 5.742 GC heap before
{Heap before GC invocations=7 (full 0):
 garbage-first heap   total 129024K, used 90804K [0x0000000080000000, 0x0000000100000000)
  region size 1024K, 72 young (73728K), 7 survivors (7168K)
 Metaspace       used 40359K, capacity 41324K, committed 41424K, reserved 1085440K
  class space    used 5161K, capacity 5509K, committed 5584K, reserved 1048576K
}
Event: 5.754 GC heap after
{Heap after GC invocations=8 (full 0):
 garbage-first heap   total 155648K, used 27775K [0x0000000080000000, 0x0000000100000000)
  region size 1024K, 9 young (9216K), 9 survivors (9216K)
 Metaspace       used 40359K, capacity 41324K, committed 41424K, reserved 1085440K
  class space    used 5161K, capacity 5509K, committed 5584K, reserved 1048576K
}

